[15:39:11:945] [ERROR] - invengo.cn.rocketmq.remoting.netty.NettyDecoder.decode(NettyDecoder.java:36) - decode exception,127.0.0.1:8888
io.netty.handler.codec.TooLongFrameException: Adjusted frame length exceeds 16777216: 1751477360 - discarded
	at io.netty.handler.codec.LengthFieldBasedFrameDecoder.fail(LengthFieldBasedFrameDecoder.java:522) ~[netty-all-4.1.16.Final.jar:4.1.16.Final]
	at io.netty.handler.codec.LengthFieldBasedFrameDecoder.failIfNecessary(LengthFieldBasedFrameDecoder.java:500) ~[netty-all-4.1.16.Final.jar:4.1.16.Final]
	at io.netty.handler.codec.LengthFieldBasedFrameDecoder.exceededFrameLength(LengthFieldBasedFrameDecoder.java:387) ~[netty-all-4.1.16.Final.jar:4.1.16.Final]
	at io.netty.handler.codec.LengthFieldBasedFrameDecoder.decode(LengthFieldBasedFrameDecoder.java:430) ~[netty-all-4.1.16.Final.jar:4.1.16.Final]
	at invengo.cn.rocketmq.remoting.netty.NettyDecoder.decode(NettyDecoder.java:29) [classes/:?]
	at io.netty.handler.codec.LengthFieldBasedFrameDecoder.decode(LengthFieldBasedFrameDecoder.java:343) [netty-all-4.1.16.Final.jar:4.1.16.Final]
	at io.netty.handler.codec.ByteToMessageDecoder.decodeRemovalReentryProtection(ByteToMessageDecoder.java:489) [netty-all-4.1.16.Final.jar:4.1.16.Final]
	at io.netty.handler.codec.ByteToMessageDecoder.callDecode(ByteToMessageDecoder.java:428) [netty-all-4.1.16.Final.jar:4.1.16.Final]
	at io.netty.handler.codec.ByteToMessageDecoder.channelRead(ByteToMessageDecoder.java:265) [netty-all-4.1.16.Final.jar:4.1.16.Final]
	at io.netty.channel.AbstractChannelHandlerContext.invokeChannelRead(AbstractChannelHandlerContext.java:362) [netty-all-4.1.16.Final.jar:4.1.16.Final]
	at io.netty.channel.AbstractChannelHandlerContext.access$600(AbstractChannelHandlerContext.java:38) [netty-all-4.1.16.Final.jar:4.1.16.Final]
	at io.netty.channel.AbstractChannelHandlerContext$7.run(AbstractChannelHandlerContext.java:353) [netty-all-4.1.16.Final.jar:4.1.16.Final]
	at io.netty.util.concurrent.DefaultEventExecutor.run(DefaultEventExecutor.java:66) [netty-all-4.1.16.Final.jar:4.1.16.Final]
	at io.netty.util.concurrent.SingleThreadEventExecutor$5.run(SingleThreadEventExecutor.java:858) [netty-all-4.1.16.Final.jar:4.1.16.Final]
	at java.lang.Thread.run(Unknown Source) [?:1.8.0_101]
[16:37:39:371] [ERROR] - invengo.cn.rocketmq.remoting.netty.NettyDecoder.decode(NettyDecoder.java:36) - decode exception,127.0.0.1:8888
java.nio.BufferUnderflowException
	at java.nio.Buffer.nextGetIndex(Unknown Source) ~[?:1.8.0_101]
	at java.nio.DirectByteBuffer.getInt(Unknown Source) ~[?:1.8.0_101]
	at invengo.cn.rocketmq.remoting.protocol.RemotingCommand.decode(RemotingCommand.java:35) ~[classes/:?]
	at invengo.cn.rocketmq.remoting.netty.NettyDecoder.decode(NettyDecoder.java:34) [classes/:?]
	at io.netty.handler.codec.LengthFieldBasedFrameDecoder.decode(LengthFieldBasedFrameDecoder.java:343) [netty-all-4.1.16.Final.jar:4.1.16.Final]
	at io.netty.handler.codec.ByteToMessageDecoder.decodeRemovalReentryProtection(ByteToMessageDecoder.java:489) [netty-all-4.1.16.Final.jar:4.1.16.Final]
	at io.netty.handler.codec.ByteToMessageDecoder.callDecode(ByteToMessageDecoder.java:428) [netty-all-4.1.16.Final.jar:4.1.16.Final]
	at io.netty.handler.codec.ByteToMessageDecoder.channelRead(ByteToMessageDecoder.java:265) [netty-all-4.1.16.Final.jar:4.1.16.Final]
	at io.netty.channel.AbstractChannelHandlerContext.invokeChannelRead(AbstractChannelHandlerContext.java:362) [netty-all-4.1.16.Final.jar:4.1.16.Final]
	at io.netty.channel.AbstractChannelHandlerContext.access$600(AbstractChannelHandlerContext.java:38) [netty-all-4.1.16.Final.jar:4.1.16.Final]
	at io.netty.channel.AbstractChannelHandlerContext$7.run(AbstractChannelHandlerContext.java:353) [netty-all-4.1.16.Final.jar:4.1.16.Final]
	at io.netty.util.concurrent.DefaultEventExecutor.run(DefaultEventExecutor.java:66) [netty-all-4.1.16.Final.jar:4.1.16.Final]
	at io.netty.util.concurrent.SingleThreadEventExecutor$5.run(SingleThreadEventExecutor.java:858) [netty-all-4.1.16.Final.jar:4.1.16.Final]
	at java.lang.Thread.run(Unknown Source) [?:1.8.0_101]
[16:37:39:382] [ERROR] - invengo.cn.rocketmq.remoting.netty.NettyDecoder.decode(NettyDecoder.java:36) - decode exception,127.0.0.1:8888
io.netty.handler.codec.TooLongFrameException: Adjusted frame length exceeds 16777216: 1701604467 - discarded
	at io.netty.handler.codec.LengthFieldBasedFrameDecoder.fail(LengthFieldBasedFrameDecoder.java:522) ~[netty-all-4.1.16.Final.jar:4.1.16.Final]
	at io.netty.handler.codec.LengthFieldBasedFrameDecoder.failIfNecessary(LengthFieldBasedFrameDecoder.java:500) ~[netty-all-4.1.16.Final.jar:4.1.16.Final]
	at io.netty.handler.codec.LengthFieldBasedFrameDecoder.exceededFrameLength(LengthFieldBasedFrameDecoder.java:387) ~[netty-all-4.1.16.Final.jar:4.1.16.Final]
	at io.netty.handler.codec.LengthFieldBasedFrameDecoder.decode(LengthFieldBasedFrameDecoder.java:430) ~[netty-all-4.1.16.Final.jar:4.1.16.Final]
	at invengo.cn.rocketmq.remoting.netty.NettyDecoder.decode(NettyDecoder.java:29) [classes/:?]
	at io.netty.handler.codec.LengthFieldBasedFrameDecoder.decode(LengthFieldBasedFrameDecoder.java:343) [netty-all-4.1.16.Final.jar:4.1.16.Final]
	at io.netty.handler.codec.ByteToMessageDecoder.decodeRemovalReentryProtection(ByteToMessageDecoder.java:489) [netty-all-4.1.16.Final.jar:4.1.16.Final]
	at io.netty.handler.codec.ByteToMessageDecoder.callDecode(ByteToMessageDecoder.java:428) [netty-all-4.1.16.Final.jar:4.1.16.Final]
	at io.netty.handler.codec.ByteToMessageDecoder.channelRead(ByteToMessageDecoder.java:265) [netty-all-4.1.16.Final.jar:4.1.16.Final]
	at io.netty.channel.AbstractChannelHandlerContext.invokeChannelRead(AbstractChannelHandlerContext.java:362) [netty-all-4.1.16.Final.jar:4.1.16.Final]
	at io.netty.channel.AbstractChannelHandlerContext.access$600(AbstractChannelHandlerContext.java:38) [netty-all-4.1.16.Final.jar:4.1.16.Final]
	at io.netty.channel.AbstractChannelHandlerContext$7.run(AbstractChannelHandlerContext.java:353) [netty-all-4.1.16.Final.jar:4.1.16.Final]
	at io.netty.util.concurrent.DefaultEventExecutor.run(DefaultEventExecutor.java:66) [netty-all-4.1.16.Final.jar:4.1.16.Final]
	at io.netty.util.concurrent.SingleThreadEventExecutor$5.run(SingleThreadEventExecutor.java:858) [netty-all-4.1.16.Final.jar:4.1.16.Final]
	at java.lang.Thread.run(Unknown Source) [?:1.8.0_101]
[16:38:57:645] [ERROR] - invengo.cn.rocketmq.remoting.netty.NettyDecoder.decode(NettyDecoder.java:36) - decode exception,127.0.0.1:8888
java.nio.BufferUnderflowException
	at java.nio.Buffer.nextGetIndex(Unknown Source) ~[?:1.8.0_101]
	at java.nio.DirectByteBuffer.getInt(Unknown Source) ~[?:1.8.0_101]
	at invengo.cn.rocketmq.remoting.protocol.RemotingCommand.decode(RemotingCommand.java:35) ~[classes/:?]
	at invengo.cn.rocketmq.remoting.netty.NettyDecoder.decode(NettyDecoder.java:34) [classes/:?]
	at io.netty.handler.codec.LengthFieldBasedFrameDecoder.decode(LengthFieldBasedFrameDecoder.java:343) [netty-all-4.1.16.Final.jar:4.1.16.Final]
	at io.netty.handler.codec.ByteToMessageDecoder.decodeRemovalReentryProtection(ByteToMessageDecoder.java:489) [netty-all-4.1.16.Final.jar:4.1.16.Final]
	at io.netty.handler.codec.ByteToMessageDecoder.callDecode(ByteToMessageDecoder.java:428) [netty-all-4.1.16.Final.jar:4.1.16.Final]
	at io.netty.handler.codec.ByteToMessageDecoder.channelRead(ByteToMessageDecoder.java:265) [netty-all-4.1.16.Final.jar:4.1.16.Final]
	at io.netty.channel.AbstractChannelHandlerContext.invokeChannelRead(AbstractChannelHandlerContext.java:362) [netty-all-4.1.16.Final.jar:4.1.16.Final]
	at io.netty.channel.AbstractChannelHandlerContext.access$600(AbstractChannelHandlerContext.java:38) [netty-all-4.1.16.Final.jar:4.1.16.Final]
	at io.netty.channel.AbstractChannelHandlerContext$7.run(AbstractChannelHandlerContext.java:353) [netty-all-4.1.16.Final.jar:4.1.16.Final]
	at io.netty.util.concurrent.DefaultEventExecutor.run(DefaultEventExecutor.java:66) [netty-all-4.1.16.Final.jar:4.1.16.Final]
	at io.netty.util.concurrent.SingleThreadEventExecutor$5.run(SingleThreadEventExecutor.java:858) [netty-all-4.1.16.Final.jar:4.1.16.Final]
	at java.lang.Thread.run(Unknown Source) [?:1.8.0_101]
[16:38:57:649] [ERROR] - invengo.cn.rocketmq.remoting.netty.NettyDecoder.decode(NettyDecoder.java:36) - decode exception,127.0.0.1:8888
io.netty.handler.codec.TooLongFrameException: Adjusted frame length exceeds 16777216: 1701604467 - discarded
	at io.netty.handler.codec.LengthFieldBasedFrameDecoder.fail(LengthFieldBasedFrameDecoder.java:522) ~[netty-all-4.1.16.Final.jar:4.1.16.Final]
	at io.netty.handler.codec.LengthFieldBasedFrameDecoder.failIfNecessary(LengthFieldBasedFrameDecoder.java:500) ~[netty-all-4.1.16.Final.jar:4.1.16.Final]
	at io.netty.handler.codec.LengthFieldBasedFrameDecoder.exceededFrameLength(LengthFieldBasedFrameDecoder.java:387) ~[netty-all-4.1.16.Final.jar:4.1.16.Final]
	at io.netty.handler.codec.LengthFieldBasedFrameDecoder.decode(LengthFieldBasedFrameDecoder.java:430) ~[netty-all-4.1.16.Final.jar:4.1.16.Final]
	at invengo.cn.rocketmq.remoting.netty.NettyDecoder.decode(NettyDecoder.java:29) [classes/:?]
	at io.netty.handler.codec.LengthFieldBasedFrameDecoder.decode(LengthFieldBasedFrameDecoder.java:343) [netty-all-4.1.16.Final.jar:4.1.16.Final]
	at io.netty.handler.codec.ByteToMessageDecoder.decodeRemovalReentryProtection(ByteToMessageDecoder.java:489) [netty-all-4.1.16.Final.jar:4.1.16.Final]
	at io.netty.handler.codec.ByteToMessageDecoder.callDecode(ByteToMessageDecoder.java:428) [netty-all-4.1.16.Final.jar:4.1.16.Final]
	at io.netty.handler.codec.ByteToMessageDecoder.channelRead(ByteToMessageDecoder.java:265) [netty-all-4.1.16.Final.jar:4.1.16.Final]
	at io.netty.channel.AbstractChannelHandlerContext.invokeChannelRead(AbstractChannelHandlerContext.java:362) [netty-all-4.1.16.Final.jar:4.1.16.Final]
	at io.netty.channel.AbstractChannelHandlerContext.access$600(AbstractChannelHandlerContext.java:38) [netty-all-4.1.16.Final.jar:4.1.16.Final]
	at io.netty.channel.AbstractChannelHandlerContext$7.run(AbstractChannelHandlerContext.java:353) [netty-all-4.1.16.Final.jar:4.1.16.Final]
	at io.netty.util.concurrent.DefaultEventExecutor.run(DefaultEventExecutor.java:66) [netty-all-4.1.16.Final.jar:4.1.16.Final]
	at io.netty.util.concurrent.SingleThreadEventExecutor$5.run(SingleThreadEventExecutor.java:858) [netty-all-4.1.16.Final.jar:4.1.16.Final]
	at java.lang.Thread.run(Unknown Source) [?:1.8.0_101]
[16:45:41:502] [ERROR] - invengo.cn.rocketmq.remoting.netty.NettyDecoder.decode(NettyDecoder.java:36) - decode exception,127.0.0.1:8888
java.nio.BufferUnderflowException
	at java.nio.Buffer.nextGetIndex(Unknown Source) ~[?:1.8.0_101]
	at java.nio.DirectByteBuffer.getInt(Unknown Source) ~[?:1.8.0_101]
	at invengo.cn.rocketmq.remoting.protocol.RemotingCommand.decode(RemotingCommand.java:37) ~[classes/:?]
	at invengo.cn.rocketmq.remoting.netty.NettyDecoder.decode(NettyDecoder.java:34) [classes/:?]
	at io.netty.handler.codec.LengthFieldBasedFrameDecoder.decode(LengthFieldBasedFrameDecoder.java:343) [netty-all-4.1.16.Final.jar:4.1.16.Final]
	at io.netty.handler.codec.ByteToMessageDecoder.decodeRemovalReentryProtection(ByteToMessageDecoder.java:489) [netty-all-4.1.16.Final.jar:4.1.16.Final]
	at io.netty.handler.codec.ByteToMessageDecoder.callDecode(ByteToMessageDecoder.java:428) [netty-all-4.1.16.Final.jar:4.1.16.Final]
	at io.netty.handler.codec.ByteToMessageDecoder.channelRead(ByteToMessageDecoder.java:265) [netty-all-4.1.16.Final.jar:4.1.16.Final]
	at io.netty.channel.AbstractChannelHandlerContext.invokeChannelRead(AbstractChannelHandlerContext.java:362) [netty-all-4.1.16.Final.jar:4.1.16.Final]
	at io.netty.channel.AbstractChannelHandlerContext.access$600(AbstractChannelHandlerContext.java:38) [netty-all-4.1.16.Final.jar:4.1.16.Final]
	at io.netty.channel.AbstractChannelHandlerContext$7.run(AbstractChannelHandlerContext.java:353) [netty-all-4.1.16.Final.jar:4.1.16.Final]
	at io.netty.util.concurrent.DefaultEventExecutor.run(DefaultEventExecutor.java:66) [netty-all-4.1.16.Final.jar:4.1.16.Final]
	at io.netty.util.concurrent.SingleThreadEventExecutor$5.run(SingleThreadEventExecutor.java:858) [netty-all-4.1.16.Final.jar:4.1.16.Final]
	at java.lang.Thread.run(Unknown Source) [?:1.8.0_101]
[16:45:41:517] [ERROR] - invengo.cn.rocketmq.remoting.netty.NettyDecoder.decode(NettyDecoder.java:36) - decode exception,127.0.0.1:8888
io.netty.handler.codec.TooLongFrameException: Adjusted frame length exceeds 16777216: 1701604467 - discarded
	at io.netty.handler.codec.LengthFieldBasedFrameDecoder.fail(LengthFieldBasedFrameDecoder.java:522) ~[netty-all-4.1.16.Final.jar:4.1.16.Final]
	at io.netty.handler.codec.LengthFieldBasedFrameDecoder.failIfNecessary(LengthFieldBasedFrameDecoder.java:500) ~[netty-all-4.1.16.Final.jar:4.1.16.Final]
	at io.netty.handler.codec.LengthFieldBasedFrameDecoder.exceededFrameLength(LengthFieldBasedFrameDecoder.java:387) ~[netty-all-4.1.16.Final.jar:4.1.16.Final]
	at io.netty.handler.codec.LengthFieldBasedFrameDecoder.decode(LengthFieldBasedFrameDecoder.java:430) ~[netty-all-4.1.16.Final.jar:4.1.16.Final]
	at invengo.cn.rocketmq.remoting.netty.NettyDecoder.decode(NettyDecoder.java:29) [classes/:?]
	at io.netty.handler.codec.LengthFieldBasedFrameDecoder.decode(LengthFieldBasedFrameDecoder.java:343) [netty-all-4.1.16.Final.jar:4.1.16.Final]
	at io.netty.handler.codec.ByteToMessageDecoder.decodeRemovalReentryProtection(ByteToMessageDecoder.java:489) [netty-all-4.1.16.Final.jar:4.1.16.Final]
	at io.netty.handler.codec.ByteToMessageDecoder.callDecode(ByteToMessageDecoder.java:428) [netty-all-4.1.16.Final.jar:4.1.16.Final]
	at io.netty.handler.codec.ByteToMessageDecoder.channelRead(ByteToMessageDecoder.java:265) [netty-all-4.1.16.Final.jar:4.1.16.Final]
	at io.netty.channel.AbstractChannelHandlerContext.invokeChannelRead(AbstractChannelHandlerContext.java:362) [netty-all-4.1.16.Final.jar:4.1.16.Final]
	at io.netty.channel.AbstractChannelHandlerContext.access$600(AbstractChannelHandlerContext.java:38) [netty-all-4.1.16.Final.jar:4.1.16.Final]
	at io.netty.channel.AbstractChannelHandlerContext$7.run(AbstractChannelHandlerContext.java:353) [netty-all-4.1.16.Final.jar:4.1.16.Final]
	at io.netty.util.concurrent.DefaultEventExecutor.run(DefaultEventExecutor.java:66) [netty-all-4.1.16.Final.jar:4.1.16.Final]
	at io.netty.util.concurrent.SingleThreadEventExecutor$5.run(SingleThreadEventExecutor.java:858) [netty-all-4.1.16.Final.jar:4.1.16.Final]
	at java.lang.Thread.run(Unknown Source) [?:1.8.0_101]
[16:47:39:443] [ERROR] - invengo.cn.rocketmq.remoting.netty.NettyDecoder.decode(NettyDecoder.java:36) - decode exception,127.0.0.1:8888
java.nio.BufferUnderflowException
	at java.nio.Buffer.nextGetIndex(Unknown Source) ~[?:1.8.0_101]
	at java.nio.DirectByteBuffer.getInt(Unknown Source) ~[?:1.8.0_101]
	at invengo.cn.rocketmq.remoting.protocol.RemotingCommand.decode(RemotingCommand.java:37) ~[classes/:?]
	at invengo.cn.rocketmq.remoting.netty.NettyDecoder.decode(NettyDecoder.java:34) [classes/:?]
	at io.netty.handler.codec.LengthFieldBasedFrameDecoder.decode(LengthFieldBasedFrameDecoder.java:343) [netty-all-4.1.16.Final.jar:4.1.16.Final]
	at io.netty.handler.codec.ByteToMessageDecoder.decodeRemovalReentryProtection(ByteToMessageDecoder.java:489) [netty-all-4.1.16.Final.jar:4.1.16.Final]
	at io.netty.handler.codec.ByteToMessageDecoder.callDecode(ByteToMessageDecoder.java:428) [netty-all-4.1.16.Final.jar:4.1.16.Final]
	at io.netty.handler.codec.ByteToMessageDecoder.channelRead(ByteToMessageDecoder.java:265) [netty-all-4.1.16.Final.jar:4.1.16.Final]
	at io.netty.channel.AbstractChannelHandlerContext.invokeChannelRead(AbstractChannelHandlerContext.java:362) [netty-all-4.1.16.Final.jar:4.1.16.Final]
	at io.netty.channel.AbstractChannelHandlerContext.access$600(AbstractChannelHandlerContext.java:38) [netty-all-4.1.16.Final.jar:4.1.16.Final]
	at io.netty.channel.AbstractChannelHandlerContext$7.run(AbstractChannelHandlerContext.java:353) [netty-all-4.1.16.Final.jar:4.1.16.Final]
	at io.netty.util.concurrent.DefaultEventExecutor.run(DefaultEventExecutor.java:66) [netty-all-4.1.16.Final.jar:4.1.16.Final]
	at io.netty.util.concurrent.SingleThreadEventExecutor$5.run(SingleThreadEventExecutor.java:858) [netty-all-4.1.16.Final.jar:4.1.16.Final]
	at java.lang.Thread.run(Unknown Source) [?:1.8.0_101]
[16:47:39:445] [ERROR] - invengo.cn.rocketmq.remoting.netty.NettyDecoder.decode(NettyDecoder.java:36) - decode exception,127.0.0.1:8888
io.netty.handler.codec.TooLongFrameException: Adjusted frame length exceeds 16777216: 1701604467 - discarded
	at io.netty.handler.codec.LengthFieldBasedFrameDecoder.fail(LengthFieldBasedFrameDecoder.java:522) ~[netty-all-4.1.16.Final.jar:4.1.16.Final]
	at io.netty.handler.codec.LengthFieldBasedFrameDecoder.failIfNecessary(LengthFieldBasedFrameDecoder.java:500) ~[netty-all-4.1.16.Final.jar:4.1.16.Final]
	at io.netty.handler.codec.LengthFieldBasedFrameDecoder.exceededFrameLength(LengthFieldBasedFrameDecoder.java:387) ~[netty-all-4.1.16.Final.jar:4.1.16.Final]
	at io.netty.handler.codec.LengthFieldBasedFrameDecoder.decode(LengthFieldBasedFrameDecoder.java:430) ~[netty-all-4.1.16.Final.jar:4.1.16.Final]
	at invengo.cn.rocketmq.remoting.netty.NettyDecoder.decode(NettyDecoder.java:29) [classes/:?]
	at io.netty.handler.codec.LengthFieldBasedFrameDecoder.decode(LengthFieldBasedFrameDecoder.java:343) [netty-all-4.1.16.Final.jar:4.1.16.Final]
	at io.netty.handler.codec.ByteToMessageDecoder.decodeRemovalReentryProtection(ByteToMessageDecoder.java:489) [netty-all-4.1.16.Final.jar:4.1.16.Final]
	at io.netty.handler.codec.ByteToMessageDecoder.callDecode(ByteToMessageDecoder.java:428) [netty-all-4.1.16.Final.jar:4.1.16.Final]
	at io.netty.handler.codec.ByteToMessageDecoder.channelRead(ByteToMessageDecoder.java:265) [netty-all-4.1.16.Final.jar:4.1.16.Final]
	at io.netty.channel.AbstractChannelHandlerContext.invokeChannelRead(AbstractChannelHandlerContext.java:362) [netty-all-4.1.16.Final.jar:4.1.16.Final]
	at io.netty.channel.AbstractChannelHandlerContext.access$600(AbstractChannelHandlerContext.java:38) [netty-all-4.1.16.Final.jar:4.1.16.Final]
	at io.netty.channel.AbstractChannelHandlerContext$7.run(AbstractChannelHandlerContext.java:353) [netty-all-4.1.16.Final.jar:4.1.16.Final]
	at io.netty.util.concurrent.DefaultEventExecutor.run(DefaultEventExecutor.java:66) [netty-all-4.1.16.Final.jar:4.1.16.Final]
	at io.netty.util.concurrent.SingleThreadEventExecutor$5.run(SingleThreadEventExecutor.java:858) [netty-all-4.1.16.Final.jar:4.1.16.Final]
	at java.lang.Thread.run(Unknown Source) [?:1.8.0_101]
[16:51:36:151] [ERROR] - invengo.cn.rocketmq.remoting.netty.NettyDecoder.decode(NettyDecoder.java:36) - decode exception,127.0.0.1:8888
java.nio.BufferUnderflowException
	at java.nio.Buffer.nextGetIndex(Unknown Source) ~[?:1.8.0_101]
	at java.nio.DirectByteBuffer.getInt(Unknown Source) ~[?:1.8.0_101]
	at invengo.cn.rocketmq.remoting.protocol.RemotingCommand.decode(RemotingCommand.java:37) ~[classes/:?]
	at invengo.cn.rocketmq.remoting.netty.NettyDecoder.decode(NettyDecoder.java:34) [classes/:?]
	at io.netty.handler.codec.LengthFieldBasedFrameDecoder.decode(LengthFieldBasedFrameDecoder.java:343) [netty-all-4.1.16.Final.jar:4.1.16.Final]
	at io.netty.handler.codec.ByteToMessageDecoder.decodeRemovalReentryProtection(ByteToMessageDecoder.java:489) [netty-all-4.1.16.Final.jar:4.1.16.Final]
	at io.netty.handler.codec.ByteToMessageDecoder.callDecode(ByteToMessageDecoder.java:428) [netty-all-4.1.16.Final.jar:4.1.16.Final]
	at io.netty.handler.codec.ByteToMessageDecoder.channelRead(ByteToMessageDecoder.java:265) [netty-all-4.1.16.Final.jar:4.1.16.Final]
	at io.netty.channel.AbstractChannelHandlerContext.invokeChannelRead(AbstractChannelHandlerContext.java:362) [netty-all-4.1.16.Final.jar:4.1.16.Final]
	at io.netty.channel.AbstractChannelHandlerContext.access$600(AbstractChannelHandlerContext.java:38) [netty-all-4.1.16.Final.jar:4.1.16.Final]
	at io.netty.channel.AbstractChannelHandlerContext$7.run(AbstractChannelHandlerContext.java:353) [netty-all-4.1.16.Final.jar:4.1.16.Final]
	at io.netty.util.concurrent.DefaultEventExecutor.run(DefaultEventExecutor.java:66) [netty-all-4.1.16.Final.jar:4.1.16.Final]
	at io.netty.util.concurrent.SingleThreadEventExecutor$5.run(SingleThreadEventExecutor.java:858) [netty-all-4.1.16.Final.jar:4.1.16.Final]
	at java.lang.Thread.run(Unknown Source) [?:1.8.0_101]
[16:51:36:163] [ERROR] - invengo.cn.rocketmq.remoting.netty.NettyDecoder.decode(NettyDecoder.java:36) - decode exception,127.0.0.1:8888
io.netty.handler.codec.TooLongFrameException: Adjusted frame length exceeds 16777216: 1701604467 - discarded
	at io.netty.handler.codec.LengthFieldBasedFrameDecoder.fail(LengthFieldBasedFrameDecoder.java:522) ~[netty-all-4.1.16.Final.jar:4.1.16.Final]
	at io.netty.handler.codec.LengthFieldBasedFrameDecoder.failIfNecessary(LengthFieldBasedFrameDecoder.java:500) ~[netty-all-4.1.16.Final.jar:4.1.16.Final]
	at io.netty.handler.codec.LengthFieldBasedFrameDecoder.exceededFrameLength(LengthFieldBasedFrameDecoder.java:387) ~[netty-all-4.1.16.Final.jar:4.1.16.Final]
	at io.netty.handler.codec.LengthFieldBasedFrameDecoder.decode(LengthFieldBasedFrameDecoder.java:430) ~[netty-all-4.1.16.Final.jar:4.1.16.Final]
	at invengo.cn.rocketmq.remoting.netty.NettyDecoder.decode(NettyDecoder.java:29) [classes/:?]
	at io.netty.handler.codec.LengthFieldBasedFrameDecoder.decode(LengthFieldBasedFrameDecoder.java:343) [netty-all-4.1.16.Final.jar:4.1.16.Final]
	at io.netty.handler.codec.ByteToMessageDecoder.decodeRemovalReentryProtection(ByteToMessageDecoder.java:489) [netty-all-4.1.16.Final.jar:4.1.16.Final]
	at io.netty.handler.codec.ByteToMessageDecoder.callDecode(ByteToMessageDecoder.java:428) [netty-all-4.1.16.Final.jar:4.1.16.Final]
	at io.netty.handler.codec.ByteToMessageDecoder.channelRead(ByteToMessageDecoder.java:265) [netty-all-4.1.16.Final.jar:4.1.16.Final]
	at io.netty.channel.AbstractChannelHandlerContext.invokeChannelRead(AbstractChannelHandlerContext.java:362) [netty-all-4.1.16.Final.jar:4.1.16.Final]
	at io.netty.channel.AbstractChannelHandlerContext.access$600(AbstractChannelHandlerContext.java:38) [netty-all-4.1.16.Final.jar:4.1.16.Final]
	at io.netty.channel.AbstractChannelHandlerContext$7.run(AbstractChannelHandlerContext.java:353) [netty-all-4.1.16.Final.jar:4.1.16.Final]
	at io.netty.util.concurrent.DefaultEventExecutor.run(DefaultEventExecutor.java:66) [netty-all-4.1.16.Final.jar:4.1.16.Final]
	at io.netty.util.concurrent.SingleThreadEventExecutor$5.run(SingleThreadEventExecutor.java:858) [netty-all-4.1.16.Final.jar:4.1.16.Final]
	at java.lang.Thread.run(Unknown Source) [?:1.8.0_101]
[16:58:00:108] [ERROR] - invengo.cn.rocketmq.remoting.netty.NettyDecoder.decode(NettyDecoder.java:36) - decode exception,127.0.0.1:8888
java.nio.BufferUnderflowException
	at java.nio.Buffer.nextGetIndex(Unknown Source) ~[?:1.8.0_101]
	at java.nio.DirectByteBuffer.getInt(Unknown Source) ~[?:1.8.0_101]
	at invengo.cn.rocketmq.remoting.protocol.RemotingCommand.decode(RemotingCommand.java:37) ~[classes/:?]
	at invengo.cn.rocketmq.remoting.netty.NettyDecoder.decode(NettyDecoder.java:34) [classes/:?]
	at io.netty.handler.codec.LengthFieldBasedFrameDecoder.decode(LengthFieldBasedFrameDecoder.java:343) [netty-all-4.1.16.Final.jar:4.1.16.Final]
	at io.netty.handler.codec.ByteToMessageDecoder.decodeRemovalReentryProtection(ByteToMessageDecoder.java:489) [netty-all-4.1.16.Final.jar:4.1.16.Final]
	at io.netty.handler.codec.ByteToMessageDecoder.callDecode(ByteToMessageDecoder.java:428) [netty-all-4.1.16.Final.jar:4.1.16.Final]
	at io.netty.handler.codec.ByteToMessageDecoder.channelRead(ByteToMessageDecoder.java:265) [netty-all-4.1.16.Final.jar:4.1.16.Final]
	at io.netty.channel.AbstractChannelHandlerContext.invokeChannelRead(AbstractChannelHandlerContext.java:362) [netty-all-4.1.16.Final.jar:4.1.16.Final]
	at io.netty.channel.AbstractChannelHandlerContext.access$600(AbstractChannelHandlerContext.java:38) [netty-all-4.1.16.Final.jar:4.1.16.Final]
	at io.netty.channel.AbstractChannelHandlerContext$7.run(AbstractChannelHandlerContext.java:353) [netty-all-4.1.16.Final.jar:4.1.16.Final]
	at io.netty.util.concurrent.DefaultEventExecutor.run(DefaultEventExecutor.java:66) [netty-all-4.1.16.Final.jar:4.1.16.Final]
	at io.netty.util.concurrent.SingleThreadEventExecutor$5.run(SingleThreadEventExecutor.java:858) [netty-all-4.1.16.Final.jar:4.1.16.Final]
	at java.lang.Thread.run(Unknown Source) [?:1.8.0_101]
[16:58:00:135] [ERROR] - invengo.cn.rocketmq.remoting.netty.NettyDecoder.decode(NettyDecoder.java:36) - decode exception,127.0.0.1:8888
io.netty.handler.codec.TooLongFrameException: Adjusted frame length exceeds 16777216: 1701604467 - discarded
	at io.netty.handler.codec.LengthFieldBasedFrameDecoder.fail(LengthFieldBasedFrameDecoder.java:522) ~[netty-all-4.1.16.Final.jar:4.1.16.Final]
	at io.netty.handler.codec.LengthFieldBasedFrameDecoder.failIfNecessary(LengthFieldBasedFrameDecoder.java:500) ~[netty-all-4.1.16.Final.jar:4.1.16.Final]
	at io.netty.handler.codec.LengthFieldBasedFrameDecoder.exceededFrameLength(LengthFieldBasedFrameDecoder.java:387) ~[netty-all-4.1.16.Final.jar:4.1.16.Final]
	at io.netty.handler.codec.LengthFieldBasedFrameDecoder.decode(LengthFieldBasedFrameDecoder.java:430) ~[netty-all-4.1.16.Final.jar:4.1.16.Final]
	at invengo.cn.rocketmq.remoting.netty.NettyDecoder.decode(NettyDecoder.java:29) [classes/:?]
	at io.netty.handler.codec.LengthFieldBasedFrameDecoder.decode(LengthFieldBasedFrameDecoder.java:343) [netty-all-4.1.16.Final.jar:4.1.16.Final]
	at io.netty.handler.codec.ByteToMessageDecoder.decodeRemovalReentryProtection(ByteToMessageDecoder.java:489) [netty-all-4.1.16.Final.jar:4.1.16.Final]
	at io.netty.handler.codec.ByteToMessageDecoder.callDecode(ByteToMessageDecoder.java:428) [netty-all-4.1.16.Final.jar:4.1.16.Final]
	at io.netty.handler.codec.ByteToMessageDecoder.channelRead(ByteToMessageDecoder.java:265) [netty-all-4.1.16.Final.jar:4.1.16.Final]
	at io.netty.channel.AbstractChannelHandlerContext.invokeChannelRead(AbstractChannelHandlerContext.java:362) [netty-all-4.1.16.Final.jar:4.1.16.Final]
	at io.netty.channel.AbstractChannelHandlerContext.access$600(AbstractChannelHandlerContext.java:38) [netty-all-4.1.16.Final.jar:4.1.16.Final]
	at io.netty.channel.AbstractChannelHandlerContext$7.run(AbstractChannelHandlerContext.java:353) [netty-all-4.1.16.Final.jar:4.1.16.Final]
	at io.netty.util.concurrent.DefaultEventExecutor.run(DefaultEventExecutor.java:66) [netty-all-4.1.16.Final.jar:4.1.16.Final]
	at io.netty.util.concurrent.SingleThreadEventExecutor$5.run(SingleThreadEventExecutor.java:858) [netty-all-4.1.16.Final.jar:4.1.16.Final]
	at java.lang.Thread.run(Unknown Source) [?:1.8.0_101]
[17:14:14:628] [ERROR] - invengo.cn.rocketmq.remoting.netty.NettyDecoder.decode(NettyDecoder.java:36) - decode exception,127.0.0.1:8888
java.nio.BufferUnderflowException
	at java.nio.Buffer.nextGetIndex(Unknown Source) ~[?:1.8.0_101]
	at java.nio.DirectByteBuffer.getInt(Unknown Source) ~[?:1.8.0_101]
	at invengo.cn.rocketmq.remoting.protocol.RemotingCommand.decode(RemotingCommand.java:37) ~[classes/:?]
	at invengo.cn.rocketmq.remoting.netty.NettyDecoder.decode(NettyDecoder.java:34) [classes/:?]
	at io.netty.handler.codec.LengthFieldBasedFrameDecoder.decode(LengthFieldBasedFrameDecoder.java:343) [netty-all-4.1.16.Final.jar:4.1.16.Final]
	at io.netty.handler.codec.ByteToMessageDecoder.decodeRemovalReentryProtection(ByteToMessageDecoder.java:489) [netty-all-4.1.16.Final.jar:4.1.16.Final]
	at io.netty.handler.codec.ByteToMessageDecoder.callDecode(ByteToMessageDecoder.java:428) [netty-all-4.1.16.Final.jar:4.1.16.Final]
	at io.netty.handler.codec.ByteToMessageDecoder.channelRead(ByteToMessageDecoder.java:265) [netty-all-4.1.16.Final.jar:4.1.16.Final]
	at io.netty.channel.AbstractChannelHandlerContext.invokeChannelRead(AbstractChannelHandlerContext.java:362) [netty-all-4.1.16.Final.jar:4.1.16.Final]
	at io.netty.channel.AbstractChannelHandlerContext.access$600(AbstractChannelHandlerContext.java:38) [netty-all-4.1.16.Final.jar:4.1.16.Final]
	at io.netty.channel.AbstractChannelHandlerContext$7.run(AbstractChannelHandlerContext.java:353) [netty-all-4.1.16.Final.jar:4.1.16.Final]
	at io.netty.util.concurrent.DefaultEventExecutor.run(DefaultEventExecutor.java:66) [netty-all-4.1.16.Final.jar:4.1.16.Final]
	at io.netty.util.concurrent.SingleThreadEventExecutor$5.run(SingleThreadEventExecutor.java:858) [netty-all-4.1.16.Final.jar:4.1.16.Final]
	at java.lang.Thread.run(Unknown Source) [?:1.8.0_101]
[17:14:14:646] [ERROR] - invengo.cn.rocketmq.remoting.netty.NettyDecoder.decode(NettyDecoder.java:36) - decode exception,127.0.0.1:8888
io.netty.handler.codec.TooLongFrameException: Adjusted frame length exceeds 1048576: 1701604467 - discarded
	at io.netty.handler.codec.LengthFieldBasedFrameDecoder.fail(LengthFieldBasedFrameDecoder.java:522) ~[netty-all-4.1.16.Final.jar:4.1.16.Final]
	at io.netty.handler.codec.LengthFieldBasedFrameDecoder.failIfNecessary(LengthFieldBasedFrameDecoder.java:500) ~[netty-all-4.1.16.Final.jar:4.1.16.Final]
	at io.netty.handler.codec.LengthFieldBasedFrameDecoder.exceededFrameLength(LengthFieldBasedFrameDecoder.java:387) ~[netty-all-4.1.16.Final.jar:4.1.16.Final]
	at io.netty.handler.codec.LengthFieldBasedFrameDecoder.decode(LengthFieldBasedFrameDecoder.java:430) ~[netty-all-4.1.16.Final.jar:4.1.16.Final]
	at invengo.cn.rocketmq.remoting.netty.NettyDecoder.decode(NettyDecoder.java:29) [classes/:?]
	at io.netty.handler.codec.LengthFieldBasedFrameDecoder.decode(LengthFieldBasedFrameDecoder.java:343) [netty-all-4.1.16.Final.jar:4.1.16.Final]
	at io.netty.handler.codec.ByteToMessageDecoder.decodeRemovalReentryProtection(ByteToMessageDecoder.java:489) [netty-all-4.1.16.Final.jar:4.1.16.Final]
	at io.netty.handler.codec.ByteToMessageDecoder.callDecode(ByteToMessageDecoder.java:428) [netty-all-4.1.16.Final.jar:4.1.16.Final]
	at io.netty.handler.codec.ByteToMessageDecoder.channelRead(ByteToMessageDecoder.java:265) [netty-all-4.1.16.Final.jar:4.1.16.Final]
	at io.netty.channel.AbstractChannelHandlerContext.invokeChannelRead(AbstractChannelHandlerContext.java:362) [netty-all-4.1.16.Final.jar:4.1.16.Final]
	at io.netty.channel.AbstractChannelHandlerContext.access$600(AbstractChannelHandlerContext.java:38) [netty-all-4.1.16.Final.jar:4.1.16.Final]
	at io.netty.channel.AbstractChannelHandlerContext$7.run(AbstractChannelHandlerContext.java:353) [netty-all-4.1.16.Final.jar:4.1.16.Final]
	at io.netty.util.concurrent.DefaultEventExecutor.run(DefaultEventExecutor.java:66) [netty-all-4.1.16.Final.jar:4.1.16.Final]
	at io.netty.util.concurrent.SingleThreadEventExecutor$5.run(SingleThreadEventExecutor.java:858) [netty-all-4.1.16.Final.jar:4.1.16.Final]
	at java.lang.Thread.run(Unknown Source) [?:1.8.0_101]
[15:18:21:376] [ERROR] - invengo.cn.rocketmq.remoting.netty.NettyDecoder.decode(NettyDecoder.java:36) - decode exception,127.0.0.1:8888
java.nio.BufferUnderflowException
	at java.nio.Buffer.nextGetIndex(Unknown Source) ~[?:1.8.0_101]
	at java.nio.DirectByteBuffer.getInt(Unknown Source) ~[?:1.8.0_101]
	at invengo.cn.rocketmq.remoting.protocol.RemotingCommand.decode(RemotingCommand.java:37) ~[classes/:?]
	at invengo.cn.rocketmq.remoting.netty.NettyDecoder.decode(NettyDecoder.java:34) [classes/:?]
	at io.netty.handler.codec.LengthFieldBasedFrameDecoder.decode(LengthFieldBasedFrameDecoder.java:343) [netty-all-4.1.16.Final.jar:4.1.16.Final]
	at io.netty.handler.codec.ByteToMessageDecoder.decodeRemovalReentryProtection(ByteToMessageDecoder.java:489) [netty-all-4.1.16.Final.jar:4.1.16.Final]
	at io.netty.handler.codec.ByteToMessageDecoder.callDecode(ByteToMessageDecoder.java:428) [netty-all-4.1.16.Final.jar:4.1.16.Final]
	at io.netty.handler.codec.ByteToMessageDecoder.channelRead(ByteToMessageDecoder.java:265) [netty-all-4.1.16.Final.jar:4.1.16.Final]
	at io.netty.channel.AbstractChannelHandlerContext.invokeChannelRead(AbstractChannelHandlerContext.java:362) [netty-all-4.1.16.Final.jar:4.1.16.Final]
	at io.netty.channel.AbstractChannelHandlerContext.access$600(AbstractChannelHandlerContext.java:38) [netty-all-4.1.16.Final.jar:4.1.16.Final]
	at io.netty.channel.AbstractChannelHandlerContext$7.run(AbstractChannelHandlerContext.java:353) [netty-all-4.1.16.Final.jar:4.1.16.Final]
	at io.netty.util.concurrent.DefaultEventExecutor.run(DefaultEventExecutor.java:66) [netty-all-4.1.16.Final.jar:4.1.16.Final]
	at io.netty.util.concurrent.SingleThreadEventExecutor$5.run(SingleThreadEventExecutor.java:858) [netty-all-4.1.16.Final.jar:4.1.16.Final]
	at java.lang.Thread.run(Unknown Source) [?:1.8.0_101]
[15:18:21:429] [ERROR] - invengo.cn.rocketmq.remoting.netty.NettyDecoder.decode(NettyDecoder.java:36) - decode exception,127.0.0.1:8888
io.netty.handler.codec.TooLongFrameException: Adjusted frame length exceeds 1048576: 1701604467 - discarded
	at io.netty.handler.codec.LengthFieldBasedFrameDecoder.fail(LengthFieldBasedFrameDecoder.java:522) ~[netty-all-4.1.16.Final.jar:4.1.16.Final]
	at io.netty.handler.codec.LengthFieldBasedFrameDecoder.failIfNecessary(LengthFieldBasedFrameDecoder.java:500) ~[netty-all-4.1.16.Final.jar:4.1.16.Final]
	at io.netty.handler.codec.LengthFieldBasedFrameDecoder.exceededFrameLength(LengthFieldBasedFrameDecoder.java:387) ~[netty-all-4.1.16.Final.jar:4.1.16.Final]
	at io.netty.handler.codec.LengthFieldBasedFrameDecoder.decode(LengthFieldBasedFrameDecoder.java:430) ~[netty-all-4.1.16.Final.jar:4.1.16.Final]
	at invengo.cn.rocketmq.remoting.netty.NettyDecoder.decode(NettyDecoder.java:29) [classes/:?]
	at io.netty.handler.codec.LengthFieldBasedFrameDecoder.decode(LengthFieldBasedFrameDecoder.java:343) [netty-all-4.1.16.Final.jar:4.1.16.Final]
	at io.netty.handler.codec.ByteToMessageDecoder.decodeRemovalReentryProtection(ByteToMessageDecoder.java:489) [netty-all-4.1.16.Final.jar:4.1.16.Final]
	at io.netty.handler.codec.ByteToMessageDecoder.callDecode(ByteToMessageDecoder.java:428) [netty-all-4.1.16.Final.jar:4.1.16.Final]
	at io.netty.handler.codec.ByteToMessageDecoder.channelRead(ByteToMessageDecoder.java:265) [netty-all-4.1.16.Final.jar:4.1.16.Final]
	at io.netty.channel.AbstractChannelHandlerContext.invokeChannelRead(AbstractChannelHandlerContext.java:362) [netty-all-4.1.16.Final.jar:4.1.16.Final]
	at io.netty.channel.AbstractChannelHandlerContext.access$600(AbstractChannelHandlerContext.java:38) [netty-all-4.1.16.Final.jar:4.1.16.Final]
	at io.netty.channel.AbstractChannelHandlerContext$7.run(AbstractChannelHandlerContext.java:353) [netty-all-4.1.16.Final.jar:4.1.16.Final]
	at io.netty.util.concurrent.DefaultEventExecutor.run(DefaultEventExecutor.java:66) [netty-all-4.1.16.Final.jar:4.1.16.Final]
	at io.netty.util.concurrent.SingleThreadEventExecutor$5.run(SingleThreadEventExecutor.java:858) [netty-all-4.1.16.Final.jar:4.1.16.Final]
	at java.lang.Thread.run(Unknown Source) [?:1.8.0_101]
[15:58:45:304] [ERROR] - invengo.cn.rocketmq.remoting.netty.NettyDecoder.decode(NettyDecoder.java:36) - decode exception,127.0.0.1:8888
java.nio.BufferUnderflowException
	at java.nio.Buffer.nextGetIndex(Unknown Source) ~[?:1.8.0_101]
	at java.nio.DirectByteBuffer.getInt(Unknown Source) ~[?:1.8.0_101]
	at invengo.cn.rocketmq.remoting.protocol.RemotingCommand.decode(RemotingCommand.java:39) ~[classes/:?]
	at invengo.cn.rocketmq.remoting.netty.NettyDecoder.decode(NettyDecoder.java:34) [classes/:?]
	at io.netty.handler.codec.LengthFieldBasedFrameDecoder.decode(LengthFieldBasedFrameDecoder.java:343) [netty-all-4.1.16.Final.jar:4.1.16.Final]
	at io.netty.handler.codec.ByteToMessageDecoder.decodeRemovalReentryProtection(ByteToMessageDecoder.java:489) [netty-all-4.1.16.Final.jar:4.1.16.Final]
	at io.netty.handler.codec.ByteToMessageDecoder.callDecode(ByteToMessageDecoder.java:428) [netty-all-4.1.16.Final.jar:4.1.16.Final]
	at io.netty.handler.codec.ByteToMessageDecoder.channelRead(ByteToMessageDecoder.java:265) [netty-all-4.1.16.Final.jar:4.1.16.Final]
	at io.netty.channel.AbstractChannelHandlerContext.invokeChannelRead(AbstractChannelHandlerContext.java:362) [netty-all-4.1.16.Final.jar:4.1.16.Final]
	at io.netty.channel.AbstractChannelHandlerContext.access$600(AbstractChannelHandlerContext.java:38) [netty-all-4.1.16.Final.jar:4.1.16.Final]
	at io.netty.channel.AbstractChannelHandlerContext$7.run(AbstractChannelHandlerContext.java:353) [netty-all-4.1.16.Final.jar:4.1.16.Final]
	at io.netty.util.concurrent.DefaultEventExecutor.run(DefaultEventExecutor.java:66) [netty-all-4.1.16.Final.jar:4.1.16.Final]
	at io.netty.util.concurrent.SingleThreadEventExecutor$5.run(SingleThreadEventExecutor.java:858) [netty-all-4.1.16.Final.jar:4.1.16.Final]
	at java.lang.Thread.run(Unknown Source) [?:1.8.0_101]
[15:58:45:309] [ERROR] - invengo.cn.rocketmq.remoting.netty.NettyDecoder.decode(NettyDecoder.java:36) - decode exception,127.0.0.1:8888
io.netty.handler.codec.TooLongFrameException: Adjusted frame length exceeds 1048576: 1701604467 - discarded
	at io.netty.handler.codec.LengthFieldBasedFrameDecoder.fail(LengthFieldBasedFrameDecoder.java:522) ~[netty-all-4.1.16.Final.jar:4.1.16.Final]
	at io.netty.handler.codec.LengthFieldBasedFrameDecoder.failIfNecessary(LengthFieldBasedFrameDecoder.java:500) ~[netty-all-4.1.16.Final.jar:4.1.16.Final]
	at io.netty.handler.codec.LengthFieldBasedFrameDecoder.exceededFrameLength(LengthFieldBasedFrameDecoder.java:387) ~[netty-all-4.1.16.Final.jar:4.1.16.Final]
	at io.netty.handler.codec.LengthFieldBasedFrameDecoder.decode(LengthFieldBasedFrameDecoder.java:430) ~[netty-all-4.1.16.Final.jar:4.1.16.Final]
	at invengo.cn.rocketmq.remoting.netty.NettyDecoder.decode(NettyDecoder.java:29) [classes/:?]
	at io.netty.handler.codec.LengthFieldBasedFrameDecoder.decode(LengthFieldBasedFrameDecoder.java:343) [netty-all-4.1.16.Final.jar:4.1.16.Final]
	at io.netty.handler.codec.ByteToMessageDecoder.decodeRemovalReentryProtection(ByteToMessageDecoder.java:489) [netty-all-4.1.16.Final.jar:4.1.16.Final]
	at io.netty.handler.codec.ByteToMessageDecoder.callDecode(ByteToMessageDecoder.java:428) [netty-all-4.1.16.Final.jar:4.1.16.Final]
	at io.netty.handler.codec.ByteToMessageDecoder.channelRead(ByteToMessageDecoder.java:265) [netty-all-4.1.16.Final.jar:4.1.16.Final]
	at io.netty.channel.AbstractChannelHandlerContext.invokeChannelRead(AbstractChannelHandlerContext.java:362) [netty-all-4.1.16.Final.jar:4.1.16.Final]
	at io.netty.channel.AbstractChannelHandlerContext.access$600(AbstractChannelHandlerContext.java:38) [netty-all-4.1.16.Final.jar:4.1.16.Final]
	at io.netty.channel.AbstractChannelHandlerContext$7.run(AbstractChannelHandlerContext.java:353) [netty-all-4.1.16.Final.jar:4.1.16.Final]
	at io.netty.util.concurrent.DefaultEventExecutor.run(DefaultEventExecutor.java:66) [netty-all-4.1.16.Final.jar:4.1.16.Final]
	at io.netty.util.concurrent.SingleThreadEventExecutor$5.run(SingleThreadEventExecutor.java:858) [netty-all-4.1.16.Final.jar:4.1.16.Final]
	at java.lang.Thread.run(Unknown Source) [?:1.8.0_101]
[16:03:25:666] [ERROR] - invengo.cn.rocketmq.remoting.netty.NettyDecoder.decode(NettyDecoder.java:36) - decode exception,127.0.0.1:8888
java.nio.BufferUnderflowException
	at java.nio.Buffer.nextGetIndex(Unknown Source) ~[?:1.8.0_101]
	at java.nio.DirectByteBuffer.getInt(Unknown Source) ~[?:1.8.0_101]
	at invengo.cn.rocketmq.remoting.protocol.RemotingCommand.decode(RemotingCommand.java:39) ~[classes/:?]
	at invengo.cn.rocketmq.remoting.netty.NettyDecoder.decode(NettyDecoder.java:34) [classes/:?]
	at io.netty.handler.codec.LengthFieldBasedFrameDecoder.decode(LengthFieldBasedFrameDecoder.java:343) [netty-all-4.1.16.Final.jar:4.1.16.Final]
	at io.netty.handler.codec.ByteToMessageDecoder.decodeRemovalReentryProtection(ByteToMessageDecoder.java:489) [netty-all-4.1.16.Final.jar:4.1.16.Final]
	at io.netty.handler.codec.ByteToMessageDecoder.callDecode(ByteToMessageDecoder.java:428) [netty-all-4.1.16.Final.jar:4.1.16.Final]
	at io.netty.handler.codec.ByteToMessageDecoder.channelRead(ByteToMessageDecoder.java:265) [netty-all-4.1.16.Final.jar:4.1.16.Final]
	at io.netty.channel.AbstractChannelHandlerContext.invokeChannelRead(AbstractChannelHandlerContext.java:362) [netty-all-4.1.16.Final.jar:4.1.16.Final]
	at io.netty.channel.AbstractChannelHandlerContext.access$600(AbstractChannelHandlerContext.java:38) [netty-all-4.1.16.Final.jar:4.1.16.Final]
	at io.netty.channel.AbstractChannelHandlerContext$7.run(AbstractChannelHandlerContext.java:353) [netty-all-4.1.16.Final.jar:4.1.16.Final]
	at io.netty.util.concurrent.DefaultEventExecutor.run(DefaultEventExecutor.java:66) [netty-all-4.1.16.Final.jar:4.1.16.Final]
	at io.netty.util.concurrent.SingleThreadEventExecutor$5.run(SingleThreadEventExecutor.java:858) [netty-all-4.1.16.Final.jar:4.1.16.Final]
	at java.lang.Thread.run(Unknown Source) [?:1.8.0_101]
[16:03:25:672] [ERROR] - invengo.cn.rocketmq.remoting.netty.NettyDecoder.decode(NettyDecoder.java:36) - decode exception,127.0.0.1:8888
io.netty.handler.codec.TooLongFrameException: Adjusted frame length exceeds 1048576: 3181438377 - discarded
	at io.netty.handler.codec.LengthFieldBasedFrameDecoder.fail(LengthFieldBasedFrameDecoder.java:522) ~[netty-all-4.1.16.Final.jar:4.1.16.Final]
	at io.netty.handler.codec.LengthFieldBasedFrameDecoder.failIfNecessary(LengthFieldBasedFrameDecoder.java:500) ~[netty-all-4.1.16.Final.jar:4.1.16.Final]
	at io.netty.handler.codec.LengthFieldBasedFrameDecoder.exceededFrameLength(LengthFieldBasedFrameDecoder.java:387) ~[netty-all-4.1.16.Final.jar:4.1.16.Final]
	at io.netty.handler.codec.LengthFieldBasedFrameDecoder.decode(LengthFieldBasedFrameDecoder.java:430) ~[netty-all-4.1.16.Final.jar:4.1.16.Final]
	at invengo.cn.rocketmq.remoting.netty.NettyDecoder.decode(NettyDecoder.java:29) [classes/:?]
	at io.netty.handler.codec.LengthFieldBasedFrameDecoder.decode(LengthFieldBasedFrameDecoder.java:343) [netty-all-4.1.16.Final.jar:4.1.16.Final]
	at io.netty.handler.codec.ByteToMessageDecoder.decodeRemovalReentryProtection(ByteToMessageDecoder.java:489) [netty-all-4.1.16.Final.jar:4.1.16.Final]
	at io.netty.handler.codec.ByteToMessageDecoder.callDecode(ByteToMessageDecoder.java:428) [netty-all-4.1.16.Final.jar:4.1.16.Final]
	at io.netty.handler.codec.ByteToMessageDecoder.channelRead(ByteToMessageDecoder.java:265) [netty-all-4.1.16.Final.jar:4.1.16.Final]
	at io.netty.channel.AbstractChannelHandlerContext.invokeChannelRead(AbstractChannelHandlerContext.java:362) [netty-all-4.1.16.Final.jar:4.1.16.Final]
	at io.netty.channel.AbstractChannelHandlerContext.access$600(AbstractChannelHandlerContext.java:38) [netty-all-4.1.16.Final.jar:4.1.16.Final]
	at io.netty.channel.AbstractChannelHandlerContext$7.run(AbstractChannelHandlerContext.java:353) [netty-all-4.1.16.Final.jar:4.1.16.Final]
	at io.netty.util.concurrent.DefaultEventExecutor.run(DefaultEventExecutor.java:66) [netty-all-4.1.16.Final.jar:4.1.16.Final]
	at io.netty.util.concurrent.SingleThreadEventExecutor$5.run(SingleThreadEventExecutor.java:858) [netty-all-4.1.16.Final.jar:4.1.16.Final]
	at java.lang.Thread.run(Unknown Source) [?:1.8.0_101]
[16:05:12:893] [ERROR] - invengo.cn.rocketmq.remoting.netty.NettyDecoder.decode(NettyDecoder.java:36) - decode exception,127.0.0.1:8888
java.nio.BufferUnderflowException
	at java.nio.Buffer.nextGetIndex(Unknown Source) ~[?:1.8.0_101]
	at java.nio.DirectByteBuffer.getInt(Unknown Source) ~[?:1.8.0_101]
	at invengo.cn.rocketmq.remoting.protocol.RemotingCommand.decode(RemotingCommand.java:39) ~[classes/:?]
	at invengo.cn.rocketmq.remoting.netty.NettyDecoder.decode(NettyDecoder.java:34) [classes/:?]
	at io.netty.handler.codec.LengthFieldBasedFrameDecoder.decode(LengthFieldBasedFrameDecoder.java:343) [netty-all-4.1.16.Final.jar:4.1.16.Final]
	at io.netty.handler.codec.ByteToMessageDecoder.decodeRemovalReentryProtection(ByteToMessageDecoder.java:489) [netty-all-4.1.16.Final.jar:4.1.16.Final]
	at io.netty.handler.codec.ByteToMessageDecoder.callDecode(ByteToMessageDecoder.java:428) [netty-all-4.1.16.Final.jar:4.1.16.Final]
	at io.netty.handler.codec.ByteToMessageDecoder.channelRead(ByteToMessageDecoder.java:265) [netty-all-4.1.16.Final.jar:4.1.16.Final]
	at io.netty.channel.AbstractChannelHandlerContext.invokeChannelRead(AbstractChannelHandlerContext.java:362) [netty-all-4.1.16.Final.jar:4.1.16.Final]
	at io.netty.channel.AbstractChannelHandlerContext.access$600(AbstractChannelHandlerContext.java:38) [netty-all-4.1.16.Final.jar:4.1.16.Final]
	at io.netty.channel.AbstractChannelHandlerContext$7.run(AbstractChannelHandlerContext.java:353) [netty-all-4.1.16.Final.jar:4.1.16.Final]
	at io.netty.util.concurrent.DefaultEventExecutor.run(DefaultEventExecutor.java:66) [netty-all-4.1.16.Final.jar:4.1.16.Final]
	at io.netty.util.concurrent.SingleThreadEventExecutor$5.run(SingleThreadEventExecutor.java:858) [netty-all-4.1.16.Final.jar:4.1.16.Final]
	at java.lang.Thread.run(Unknown Source) [?:1.8.0_101]
[16:05:12:900] [ERROR] - invengo.cn.rocketmq.remoting.netty.NettyDecoder.decode(NettyDecoder.java:36) - decode exception,127.0.0.1:8888
io.netty.handler.codec.TooLongFrameException: Adjusted frame length exceeds 1048576: 3181438377 - discarded
	at io.netty.handler.codec.LengthFieldBasedFrameDecoder.fail(LengthFieldBasedFrameDecoder.java:522) ~[netty-all-4.1.16.Final.jar:4.1.16.Final]
	at io.netty.handler.codec.LengthFieldBasedFrameDecoder.failIfNecessary(LengthFieldBasedFrameDecoder.java:500) ~[netty-all-4.1.16.Final.jar:4.1.16.Final]
	at io.netty.handler.codec.LengthFieldBasedFrameDecoder.exceededFrameLength(LengthFieldBasedFrameDecoder.java:387) ~[netty-all-4.1.16.Final.jar:4.1.16.Final]
	at io.netty.handler.codec.LengthFieldBasedFrameDecoder.decode(LengthFieldBasedFrameDecoder.java:430) ~[netty-all-4.1.16.Final.jar:4.1.16.Final]
	at invengo.cn.rocketmq.remoting.netty.NettyDecoder.decode(NettyDecoder.java:29) [classes/:?]
	at io.netty.handler.codec.LengthFieldBasedFrameDecoder.decode(LengthFieldBasedFrameDecoder.java:343) [netty-all-4.1.16.Final.jar:4.1.16.Final]
	at io.netty.handler.codec.ByteToMessageDecoder.decodeRemovalReentryProtection(ByteToMessageDecoder.java:489) [netty-all-4.1.16.Final.jar:4.1.16.Final]
	at io.netty.handler.codec.ByteToMessageDecoder.callDecode(ByteToMessageDecoder.java:428) [netty-all-4.1.16.Final.jar:4.1.16.Final]
	at io.netty.handler.codec.ByteToMessageDecoder.channelRead(ByteToMessageDecoder.java:265) [netty-all-4.1.16.Final.jar:4.1.16.Final]
	at io.netty.channel.AbstractChannelHandlerContext.invokeChannelRead(AbstractChannelHandlerContext.java:362) [netty-all-4.1.16.Final.jar:4.1.16.Final]
	at io.netty.channel.AbstractChannelHandlerContext.access$600(AbstractChannelHandlerContext.java:38) [netty-all-4.1.16.Final.jar:4.1.16.Final]
	at io.netty.channel.AbstractChannelHandlerContext$7.run(AbstractChannelHandlerContext.java:353) [netty-all-4.1.16.Final.jar:4.1.16.Final]
	at io.netty.util.concurrent.DefaultEventExecutor.run(DefaultEventExecutor.java:66) [netty-all-4.1.16.Final.jar:4.1.16.Final]
	at io.netty.util.concurrent.SingleThreadEventExecutor$5.run(SingleThreadEventExecutor.java:858) [netty-all-4.1.16.Final.jar:4.1.16.Final]
	at java.lang.Thread.run(Unknown Source) [?:1.8.0_101]
[16:06:46:464] [ERROR] - invengo.cn.rocketmq.remoting.netty.NettyDecoder.decode(NettyDecoder.java:36) - decode exception,127.0.0.1:8888
java.nio.BufferUnderflowException
	at java.nio.Buffer.nextGetIndex(Unknown Source) ~[?:1.8.0_101]
	at java.nio.DirectByteBuffer.getInt(Unknown Source) ~[?:1.8.0_101]
	at invengo.cn.rocketmq.remoting.protocol.RemotingCommand.decode(RemotingCommand.java:39) ~[classes/:?]
	at invengo.cn.rocketmq.remoting.netty.NettyDecoder.decode(NettyDecoder.java:34) [classes/:?]
	at io.netty.handler.codec.LengthFieldBasedFrameDecoder.decode(LengthFieldBasedFrameDecoder.java:343) [netty-all-4.1.16.Final.jar:4.1.16.Final]
	at io.netty.handler.codec.ByteToMessageDecoder.decodeRemovalReentryProtection(ByteToMessageDecoder.java:489) [netty-all-4.1.16.Final.jar:4.1.16.Final]
	at io.netty.handler.codec.ByteToMessageDecoder.callDecode(ByteToMessageDecoder.java:428) [netty-all-4.1.16.Final.jar:4.1.16.Final]
	at io.netty.handler.codec.ByteToMessageDecoder.channelRead(ByteToMessageDecoder.java:265) [netty-all-4.1.16.Final.jar:4.1.16.Final]
	at io.netty.channel.AbstractChannelHandlerContext.invokeChannelRead(AbstractChannelHandlerContext.java:362) [netty-all-4.1.16.Final.jar:4.1.16.Final]
	at io.netty.channel.AbstractChannelHandlerContext.access$600(AbstractChannelHandlerContext.java:38) [netty-all-4.1.16.Final.jar:4.1.16.Final]
	at io.netty.channel.AbstractChannelHandlerContext$7.run(AbstractChannelHandlerContext.java:353) [netty-all-4.1.16.Final.jar:4.1.16.Final]
	at io.netty.util.concurrent.DefaultEventExecutor.run(DefaultEventExecutor.java:66) [netty-all-4.1.16.Final.jar:4.1.16.Final]
	at io.netty.util.concurrent.SingleThreadEventExecutor$5.run(SingleThreadEventExecutor.java:858) [netty-all-4.1.16.Final.jar:4.1.16.Final]
	at java.lang.Thread.run(Unknown Source) [?:1.8.0_101]
[16:06:46:470] [ERROR] - invengo.cn.rocketmq.remoting.netty.NettyDecoder.decode(NettyDecoder.java:36) - decode exception,127.0.0.1:8888
io.netty.handler.codec.TooLongFrameException: Adjusted frame length exceeds 1048576: 3181438377 - discarded
	at io.netty.handler.codec.LengthFieldBasedFrameDecoder.fail(LengthFieldBasedFrameDecoder.java:522) ~[netty-all-4.1.16.Final.jar:4.1.16.Final]
	at io.netty.handler.codec.LengthFieldBasedFrameDecoder.failIfNecessary(LengthFieldBasedFrameDecoder.java:500) ~[netty-all-4.1.16.Final.jar:4.1.16.Final]
	at io.netty.handler.codec.LengthFieldBasedFrameDecoder.exceededFrameLength(LengthFieldBasedFrameDecoder.java:387) ~[netty-all-4.1.16.Final.jar:4.1.16.Final]
	at io.netty.handler.codec.LengthFieldBasedFrameDecoder.decode(LengthFieldBasedFrameDecoder.java:430) ~[netty-all-4.1.16.Final.jar:4.1.16.Final]
	at invengo.cn.rocketmq.remoting.netty.NettyDecoder.decode(NettyDecoder.java:29) [classes/:?]
	at io.netty.handler.codec.LengthFieldBasedFrameDecoder.decode(LengthFieldBasedFrameDecoder.java:343) [netty-all-4.1.16.Final.jar:4.1.16.Final]
	at io.netty.handler.codec.ByteToMessageDecoder.decodeRemovalReentryProtection(ByteToMessageDecoder.java:489) [netty-all-4.1.16.Final.jar:4.1.16.Final]
	at io.netty.handler.codec.ByteToMessageDecoder.callDecode(ByteToMessageDecoder.java:428) [netty-all-4.1.16.Final.jar:4.1.16.Final]
	at io.netty.handler.codec.ByteToMessageDecoder.channelRead(ByteToMessageDecoder.java:265) [netty-all-4.1.16.Final.jar:4.1.16.Final]
	at io.netty.channel.AbstractChannelHandlerContext.invokeChannelRead(AbstractChannelHandlerContext.java:362) [netty-all-4.1.16.Final.jar:4.1.16.Final]
	at io.netty.channel.AbstractChannelHandlerContext.access$600(AbstractChannelHandlerContext.java:38) [netty-all-4.1.16.Final.jar:4.1.16.Final]
	at io.netty.channel.AbstractChannelHandlerContext$7.run(AbstractChannelHandlerContext.java:353) [netty-all-4.1.16.Final.jar:4.1.16.Final]
	at io.netty.util.concurrent.DefaultEventExecutor.run(DefaultEventExecutor.java:66) [netty-all-4.1.16.Final.jar:4.1.16.Final]
	at io.netty.util.concurrent.SingleThreadEventExecutor$5.run(SingleThreadEventExecutor.java:858) [netty-all-4.1.16.Final.jar:4.1.16.Final]
	at java.lang.Thread.run(Unknown Source) [?:1.8.0_101]
[16:08:11:183] [ERROR] - invengo.cn.rocketmq.remoting.netty.NettyDecoder.decode(NettyDecoder.java:36) - decode exception,127.0.0.1:8888
java.nio.BufferUnderflowException
	at java.nio.Buffer.nextGetIndex(Unknown Source) ~[?:1.8.0_101]
	at java.nio.DirectByteBuffer.getInt(Unknown Source) ~[?:1.8.0_101]
	at invengo.cn.rocketmq.remoting.protocol.RemotingCommand.decode(RemotingCommand.java:39) ~[classes/:?]
	at invengo.cn.rocketmq.remoting.netty.NettyDecoder.decode(NettyDecoder.java:34) [classes/:?]
	at io.netty.handler.codec.LengthFieldBasedFrameDecoder.decode(LengthFieldBasedFrameDecoder.java:343) [netty-all-4.1.16.Final.jar:4.1.16.Final]
	at io.netty.handler.codec.ByteToMessageDecoder.decodeRemovalReentryProtection(ByteToMessageDecoder.java:489) [netty-all-4.1.16.Final.jar:4.1.16.Final]
	at io.netty.handler.codec.ByteToMessageDecoder.callDecode(ByteToMessageDecoder.java:428) [netty-all-4.1.16.Final.jar:4.1.16.Final]
	at io.netty.handler.codec.ByteToMessageDecoder.channelRead(ByteToMessageDecoder.java:265) [netty-all-4.1.16.Final.jar:4.1.16.Final]
	at io.netty.channel.AbstractChannelHandlerContext.invokeChannelRead(AbstractChannelHandlerContext.java:362) [netty-all-4.1.16.Final.jar:4.1.16.Final]
	at io.netty.channel.AbstractChannelHandlerContext.access$600(AbstractChannelHandlerContext.java:38) [netty-all-4.1.16.Final.jar:4.1.16.Final]
	at io.netty.channel.AbstractChannelHandlerContext$7.run(AbstractChannelHandlerContext.java:353) [netty-all-4.1.16.Final.jar:4.1.16.Final]
	at io.netty.util.concurrent.DefaultEventExecutor.run(DefaultEventExecutor.java:66) [netty-all-4.1.16.Final.jar:4.1.16.Final]
	at io.netty.util.concurrent.SingleThreadEventExecutor$5.run(SingleThreadEventExecutor.java:858) [netty-all-4.1.16.Final.jar:4.1.16.Final]
	at java.lang.Thread.run(Unknown Source) [?:1.8.0_101]
[16:08:11:190] [ERROR] - invengo.cn.rocketmq.remoting.netty.NettyDecoder.decode(NettyDecoder.java:36) - decode exception,127.0.0.1:8888
io.netty.handler.codec.TooLongFrameException: Adjusted frame length exceeds 1048576: 3181438377 - discarded
	at io.netty.handler.codec.LengthFieldBasedFrameDecoder.fail(LengthFieldBasedFrameDecoder.java:522) ~[netty-all-4.1.16.Final.jar:4.1.16.Final]
	at io.netty.handler.codec.LengthFieldBasedFrameDecoder.failIfNecessary(LengthFieldBasedFrameDecoder.java:500) ~[netty-all-4.1.16.Final.jar:4.1.16.Final]
	at io.netty.handler.codec.LengthFieldBasedFrameDecoder.exceededFrameLength(LengthFieldBasedFrameDecoder.java:387) ~[netty-all-4.1.16.Final.jar:4.1.16.Final]
	at io.netty.handler.codec.LengthFieldBasedFrameDecoder.decode(LengthFieldBasedFrameDecoder.java:430) ~[netty-all-4.1.16.Final.jar:4.1.16.Final]
	at invengo.cn.rocketmq.remoting.netty.NettyDecoder.decode(NettyDecoder.java:29) [classes/:?]
	at io.netty.handler.codec.LengthFieldBasedFrameDecoder.decode(LengthFieldBasedFrameDecoder.java:343) [netty-all-4.1.16.Final.jar:4.1.16.Final]
	at io.netty.handler.codec.ByteToMessageDecoder.decodeRemovalReentryProtection(ByteToMessageDecoder.java:489) [netty-all-4.1.16.Final.jar:4.1.16.Final]
	at io.netty.handler.codec.ByteToMessageDecoder.callDecode(ByteToMessageDecoder.java:428) [netty-all-4.1.16.Final.jar:4.1.16.Final]
	at io.netty.handler.codec.ByteToMessageDecoder.channelRead(ByteToMessageDecoder.java:265) [netty-all-4.1.16.Final.jar:4.1.16.Final]
	at io.netty.channel.AbstractChannelHandlerContext.invokeChannelRead(AbstractChannelHandlerContext.java:362) [netty-all-4.1.16.Final.jar:4.1.16.Final]
	at io.netty.channel.AbstractChannelHandlerContext.access$600(AbstractChannelHandlerContext.java:38) [netty-all-4.1.16.Final.jar:4.1.16.Final]
	at io.netty.channel.AbstractChannelHandlerContext$7.run(AbstractChannelHandlerContext.java:353) [netty-all-4.1.16.Final.jar:4.1.16.Final]
	at io.netty.util.concurrent.DefaultEventExecutor.run(DefaultEventExecutor.java:66) [netty-all-4.1.16.Final.jar:4.1.16.Final]
	at io.netty.util.concurrent.SingleThreadEventExecutor$5.run(SingleThreadEventExecutor.java:858) [netty-all-4.1.16.Final.jar:4.1.16.Final]
	at java.lang.Thread.run(Unknown Source) [?:1.8.0_101]
[16:12:08:090] [ERROR] - invengo.cn.rocketmq.remoting.netty.NettyDecoder.decode(NettyDecoder.java:36) - decode exception,127.0.0.1:8888
java.nio.BufferUnderflowException
	at java.nio.Buffer.nextGetIndex(Unknown Source) ~[?:1.8.0_101]
	at java.nio.DirectByteBuffer.getInt(Unknown Source) ~[?:1.8.0_101]
	at invengo.cn.rocketmq.remoting.protocol.RemotingCommand.decode(RemotingCommand.java:39) ~[classes/:?]
	at invengo.cn.rocketmq.remoting.netty.NettyDecoder.decode(NettyDecoder.java:34) [classes/:?]
	at io.netty.handler.codec.LengthFieldBasedFrameDecoder.decode(LengthFieldBasedFrameDecoder.java:343) [netty-all-4.1.16.Final.jar:4.1.16.Final]
	at io.netty.handler.codec.ByteToMessageDecoder.decodeRemovalReentryProtection(ByteToMessageDecoder.java:489) [netty-all-4.1.16.Final.jar:4.1.16.Final]
	at io.netty.handler.codec.ByteToMessageDecoder.callDecode(ByteToMessageDecoder.java:428) [netty-all-4.1.16.Final.jar:4.1.16.Final]
	at io.netty.handler.codec.ByteToMessageDecoder.channelRead(ByteToMessageDecoder.java:265) [netty-all-4.1.16.Final.jar:4.1.16.Final]
	at io.netty.channel.AbstractChannelHandlerContext.invokeChannelRead(AbstractChannelHandlerContext.java:362) [netty-all-4.1.16.Final.jar:4.1.16.Final]
	at io.netty.channel.AbstractChannelHandlerContext.access$600(AbstractChannelHandlerContext.java:38) [netty-all-4.1.16.Final.jar:4.1.16.Final]
	at io.netty.channel.AbstractChannelHandlerContext$7.run(AbstractChannelHandlerContext.java:353) [netty-all-4.1.16.Final.jar:4.1.16.Final]
	at io.netty.util.concurrent.DefaultEventExecutor.run(DefaultEventExecutor.java:66) [netty-all-4.1.16.Final.jar:4.1.16.Final]
	at io.netty.util.concurrent.SingleThreadEventExecutor$5.run(SingleThreadEventExecutor.java:858) [netty-all-4.1.16.Final.jar:4.1.16.Final]
	at java.lang.Thread.run(Unknown Source) [?:1.8.0_101]
[16:12:08:091] [ERROR] - invengo.cn.rocketmq.remoting.netty.NettyDecoder.decode(NettyDecoder.java:36) - decode exception,127.0.0.1:8888
io.netty.handler.codec.TooLongFrameException: Adjusted frame length exceeds 1048576: 3181438377 - discarded
	at io.netty.handler.codec.LengthFieldBasedFrameDecoder.fail(LengthFieldBasedFrameDecoder.java:522) ~[netty-all-4.1.16.Final.jar:4.1.16.Final]
	at io.netty.handler.codec.LengthFieldBasedFrameDecoder.failIfNecessary(LengthFieldBasedFrameDecoder.java:500) ~[netty-all-4.1.16.Final.jar:4.1.16.Final]
	at io.netty.handler.codec.LengthFieldBasedFrameDecoder.exceededFrameLength(LengthFieldBasedFrameDecoder.java:387) ~[netty-all-4.1.16.Final.jar:4.1.16.Final]
	at io.netty.handler.codec.LengthFieldBasedFrameDecoder.decode(LengthFieldBasedFrameDecoder.java:430) ~[netty-all-4.1.16.Final.jar:4.1.16.Final]
	at invengo.cn.rocketmq.remoting.netty.NettyDecoder.decode(NettyDecoder.java:29) [classes/:?]
	at io.netty.handler.codec.LengthFieldBasedFrameDecoder.decode(LengthFieldBasedFrameDecoder.java:343) [netty-all-4.1.16.Final.jar:4.1.16.Final]
	at io.netty.handler.codec.ByteToMessageDecoder.decodeRemovalReentryProtection(ByteToMessageDecoder.java:489) [netty-all-4.1.16.Final.jar:4.1.16.Final]
	at io.netty.handler.codec.ByteToMessageDecoder.callDecode(ByteToMessageDecoder.java:428) [netty-all-4.1.16.Final.jar:4.1.16.Final]
	at io.netty.handler.codec.ByteToMessageDecoder.channelRead(ByteToMessageDecoder.java:265) [netty-all-4.1.16.Final.jar:4.1.16.Final]
	at io.netty.channel.AbstractChannelHandlerContext.invokeChannelRead(AbstractChannelHandlerContext.java:362) [netty-all-4.1.16.Final.jar:4.1.16.Final]
	at io.netty.channel.AbstractChannelHandlerContext.access$600(AbstractChannelHandlerContext.java:38) [netty-all-4.1.16.Final.jar:4.1.16.Final]
	at io.netty.channel.AbstractChannelHandlerContext$7.run(AbstractChannelHandlerContext.java:353) [netty-all-4.1.16.Final.jar:4.1.16.Final]
	at io.netty.util.concurrent.DefaultEventExecutor.run(DefaultEventExecutor.java:66) [netty-all-4.1.16.Final.jar:4.1.16.Final]
	at io.netty.util.concurrent.SingleThreadEventExecutor$5.run(SingleThreadEventExecutor.java:858) [netty-all-4.1.16.Final.jar:4.1.16.Final]
	at java.lang.Thread.run(Unknown Source) [?:1.8.0_101]
[16:12:41:301] [ERROR] - invengo.cn.rocketmq.remoting.netty.NettyDecoder.decode(NettyDecoder.java:36) - decode exception,127.0.0.1:8888
java.nio.BufferUnderflowException
	at java.nio.Buffer.nextGetIndex(Unknown Source) ~[?:1.8.0_101]
	at java.nio.DirectByteBuffer.getInt(Unknown Source) ~[?:1.8.0_101]
	at invengo.cn.rocketmq.remoting.protocol.RemotingCommand.decode(RemotingCommand.java:39) ~[classes/:?]
	at invengo.cn.rocketmq.remoting.netty.NettyDecoder.decode(NettyDecoder.java:34) [classes/:?]
	at io.netty.handler.codec.LengthFieldBasedFrameDecoder.decode(LengthFieldBasedFrameDecoder.java:343) [netty-all-4.1.16.Final.jar:4.1.16.Final]
	at io.netty.handler.codec.ByteToMessageDecoder.decodeRemovalReentryProtection(ByteToMessageDecoder.java:489) [netty-all-4.1.16.Final.jar:4.1.16.Final]
	at io.netty.handler.codec.ByteToMessageDecoder.callDecode(ByteToMessageDecoder.java:428) [netty-all-4.1.16.Final.jar:4.1.16.Final]
	at io.netty.handler.codec.ByteToMessageDecoder.channelRead(ByteToMessageDecoder.java:265) [netty-all-4.1.16.Final.jar:4.1.16.Final]
	at io.netty.channel.AbstractChannelHandlerContext.invokeChannelRead(AbstractChannelHandlerContext.java:362) [netty-all-4.1.16.Final.jar:4.1.16.Final]
	at io.netty.channel.AbstractChannelHandlerContext.access$600(AbstractChannelHandlerContext.java:38) [netty-all-4.1.16.Final.jar:4.1.16.Final]
	at io.netty.channel.AbstractChannelHandlerContext$7.run(AbstractChannelHandlerContext.java:353) [netty-all-4.1.16.Final.jar:4.1.16.Final]
	at io.netty.util.concurrent.DefaultEventExecutor.run(DefaultEventExecutor.java:66) [netty-all-4.1.16.Final.jar:4.1.16.Final]
	at io.netty.util.concurrent.SingleThreadEventExecutor$5.run(SingleThreadEventExecutor.java:858) [netty-all-4.1.16.Final.jar:4.1.16.Final]
	at java.lang.Thread.run(Unknown Source) [?:1.8.0_101]
[16:12:41:307] [ERROR] - invengo.cn.rocketmq.remoting.netty.NettyDecoder.decode(NettyDecoder.java:36) - decode exception,127.0.0.1:8888
io.netty.handler.codec.TooLongFrameException: Adjusted frame length exceeds 1048576: 3181438377 - discarded
	at io.netty.handler.codec.LengthFieldBasedFrameDecoder.fail(LengthFieldBasedFrameDecoder.java:522) ~[netty-all-4.1.16.Final.jar:4.1.16.Final]
	at io.netty.handler.codec.LengthFieldBasedFrameDecoder.failIfNecessary(LengthFieldBasedFrameDecoder.java:500) ~[netty-all-4.1.16.Final.jar:4.1.16.Final]
	at io.netty.handler.codec.LengthFieldBasedFrameDecoder.exceededFrameLength(LengthFieldBasedFrameDecoder.java:387) ~[netty-all-4.1.16.Final.jar:4.1.16.Final]
	at io.netty.handler.codec.LengthFieldBasedFrameDecoder.decode(LengthFieldBasedFrameDecoder.java:430) ~[netty-all-4.1.16.Final.jar:4.1.16.Final]
	at invengo.cn.rocketmq.remoting.netty.NettyDecoder.decode(NettyDecoder.java:29) [classes/:?]
	at io.netty.handler.codec.LengthFieldBasedFrameDecoder.decode(LengthFieldBasedFrameDecoder.java:343) [netty-all-4.1.16.Final.jar:4.1.16.Final]
	at io.netty.handler.codec.ByteToMessageDecoder.decodeRemovalReentryProtection(ByteToMessageDecoder.java:489) [netty-all-4.1.16.Final.jar:4.1.16.Final]
	at io.netty.handler.codec.ByteToMessageDecoder.callDecode(ByteToMessageDecoder.java:428) [netty-all-4.1.16.Final.jar:4.1.16.Final]
	at io.netty.handler.codec.ByteToMessageDecoder.channelRead(ByteToMessageDecoder.java:265) [netty-all-4.1.16.Final.jar:4.1.16.Final]
	at io.netty.channel.AbstractChannelHandlerContext.invokeChannelRead(AbstractChannelHandlerContext.java:362) [netty-all-4.1.16.Final.jar:4.1.16.Final]
	at io.netty.channel.AbstractChannelHandlerContext.access$600(AbstractChannelHandlerContext.java:38) [netty-all-4.1.16.Final.jar:4.1.16.Final]
	at io.netty.channel.AbstractChannelHandlerContext$7.run(AbstractChannelHandlerContext.java:353) [netty-all-4.1.16.Final.jar:4.1.16.Final]
	at io.netty.util.concurrent.DefaultEventExecutor.run(DefaultEventExecutor.java:66) [netty-all-4.1.16.Final.jar:4.1.16.Final]
	at io.netty.util.concurrent.SingleThreadEventExecutor$5.run(SingleThreadEventExecutor.java:858) [netty-all-4.1.16.Final.jar:4.1.16.Final]
	at java.lang.Thread.run(Unknown Source) [?:1.8.0_101]
[16:37:21:610] [ERROR] - invengo.cn.rocketmq.remoting.netty.NettyDecoder.decode(NettyDecoder.java:36) - decode exception,127.0.0.1:8888
java.nio.BufferUnderflowException
	at java.nio.Buffer.nextGetIndex(Unknown Source) ~[?:1.8.0_101]
	at java.nio.DirectByteBuffer.getInt(Unknown Source) ~[?:1.8.0_101]
	at invengo.cn.rocketmq.remoting.protocol.RemotingCommand.decode(RemotingCommand.java:39) ~[classes/:?]
	at invengo.cn.rocketmq.remoting.netty.NettyDecoder.decode(NettyDecoder.java:34) [classes/:?]
	at io.netty.handler.codec.LengthFieldBasedFrameDecoder.decode(LengthFieldBasedFrameDecoder.java:343) [netty-all-4.1.16.Final.jar:4.1.16.Final]
	at io.netty.handler.codec.ByteToMessageDecoder.decodeRemovalReentryProtection(ByteToMessageDecoder.java:489) [netty-all-4.1.16.Final.jar:4.1.16.Final]
	at io.netty.handler.codec.ByteToMessageDecoder.callDecode(ByteToMessageDecoder.java:428) [netty-all-4.1.16.Final.jar:4.1.16.Final]
	at io.netty.handler.codec.ByteToMessageDecoder.channelRead(ByteToMessageDecoder.java:265) [netty-all-4.1.16.Final.jar:4.1.16.Final]
	at io.netty.channel.AbstractChannelHandlerContext.invokeChannelRead(AbstractChannelHandlerContext.java:362) [netty-all-4.1.16.Final.jar:4.1.16.Final]
	at io.netty.channel.AbstractChannelHandlerContext.access$600(AbstractChannelHandlerContext.java:38) [netty-all-4.1.16.Final.jar:4.1.16.Final]
	at io.netty.channel.AbstractChannelHandlerContext$7.run(AbstractChannelHandlerContext.java:353) [netty-all-4.1.16.Final.jar:4.1.16.Final]
	at io.netty.util.concurrent.DefaultEventExecutor.run(DefaultEventExecutor.java:66) [netty-all-4.1.16.Final.jar:4.1.16.Final]
	at io.netty.util.concurrent.SingleThreadEventExecutor$5.run(SingleThreadEventExecutor.java:858) [netty-all-4.1.16.Final.jar:4.1.16.Final]
	at java.lang.Thread.run(Unknown Source) [?:1.8.0_101]
[16:37:21:642] [ERROR] - invengo.cn.rocketmq.remoting.netty.NettyDecoder.decode(NettyDecoder.java:36) - decode exception,127.0.0.1:8888
io.netty.handler.codec.TooLongFrameException: Adjusted frame length exceeds 1048576: 3181438377 - discarded
	at io.netty.handler.codec.LengthFieldBasedFrameDecoder.fail(LengthFieldBasedFrameDecoder.java:522) ~[netty-all-4.1.16.Final.jar:4.1.16.Final]
	at io.netty.handler.codec.LengthFieldBasedFrameDecoder.failIfNecessary(LengthFieldBasedFrameDecoder.java:500) ~[netty-all-4.1.16.Final.jar:4.1.16.Final]
	at io.netty.handler.codec.LengthFieldBasedFrameDecoder.exceededFrameLength(LengthFieldBasedFrameDecoder.java:387) ~[netty-all-4.1.16.Final.jar:4.1.16.Final]
	at io.netty.handler.codec.LengthFieldBasedFrameDecoder.decode(LengthFieldBasedFrameDecoder.java:430) ~[netty-all-4.1.16.Final.jar:4.1.16.Final]
	at invengo.cn.rocketmq.remoting.netty.NettyDecoder.decode(NettyDecoder.java:29) [classes/:?]
	at io.netty.handler.codec.LengthFieldBasedFrameDecoder.decode(LengthFieldBasedFrameDecoder.java:343) [netty-all-4.1.16.Final.jar:4.1.16.Final]
	at io.netty.handler.codec.ByteToMessageDecoder.decodeRemovalReentryProtection(ByteToMessageDecoder.java:489) [netty-all-4.1.16.Final.jar:4.1.16.Final]
	at io.netty.handler.codec.ByteToMessageDecoder.callDecode(ByteToMessageDecoder.java:428) [netty-all-4.1.16.Final.jar:4.1.16.Final]
	at io.netty.handler.codec.ByteToMessageDecoder.channelRead(ByteToMessageDecoder.java:265) [netty-all-4.1.16.Final.jar:4.1.16.Final]
	at io.netty.channel.AbstractChannelHandlerContext.invokeChannelRead(AbstractChannelHandlerContext.java:362) [netty-all-4.1.16.Final.jar:4.1.16.Final]
	at io.netty.channel.AbstractChannelHandlerContext.access$600(AbstractChannelHandlerContext.java:38) [netty-all-4.1.16.Final.jar:4.1.16.Final]
	at io.netty.channel.AbstractChannelHandlerContext$7.run(AbstractChannelHandlerContext.java:353) [netty-all-4.1.16.Final.jar:4.1.16.Final]
	at io.netty.util.concurrent.DefaultEventExecutor.run(DefaultEventExecutor.java:66) [netty-all-4.1.16.Final.jar:4.1.16.Final]
	at io.netty.util.concurrent.SingleThreadEventExecutor$5.run(SingleThreadEventExecutor.java:858) [netty-all-4.1.16.Final.jar:4.1.16.Final]
	at java.lang.Thread.run(Unknown Source) [?:1.8.0_101]
[16:56:14:460] [ERROR] - invengo.cn.rocketmq.remoting.netty.NettyDecoder.decode(NettyDecoder.java:42) - decode exception,127.0.0.1:8888
java.nio.BufferUnderflowException
	at java.nio.Buffer.nextGetIndex(Unknown Source) ~[?:1.8.0_101]
	at java.nio.DirectByteBuffer.getInt(Unknown Source) ~[?:1.8.0_101]
	at invengo.cn.rocketmq.remoting.protocol.RemotingCommand.decode(RemotingCommand.java:40) ~[classes/:?]
	at invengo.cn.rocketmq.remoting.netty.NettyDecoder.decode(NettyDecoder.java:40) [classes/:?]
	at io.netty.handler.codec.LengthFieldBasedFrameDecoder.decode(LengthFieldBasedFrameDecoder.java:343) [netty-all-4.1.16.Final.jar:4.1.16.Final]
	at io.netty.handler.codec.ByteToMessageDecoder.decodeRemovalReentryProtection(ByteToMessageDecoder.java:489) [netty-all-4.1.16.Final.jar:4.1.16.Final]
	at io.netty.handler.codec.ByteToMessageDecoder.callDecode(ByteToMessageDecoder.java:428) [netty-all-4.1.16.Final.jar:4.1.16.Final]
	at io.netty.handler.codec.ByteToMessageDecoder.channelRead(ByteToMessageDecoder.java:265) [netty-all-4.1.16.Final.jar:4.1.16.Final]
	at io.netty.channel.AbstractChannelHandlerContext.invokeChannelRead(AbstractChannelHandlerContext.java:362) [netty-all-4.1.16.Final.jar:4.1.16.Final]
	at io.netty.channel.AbstractChannelHandlerContext.access$600(AbstractChannelHandlerContext.java:38) [netty-all-4.1.16.Final.jar:4.1.16.Final]
	at io.netty.channel.AbstractChannelHandlerContext$7.run(AbstractChannelHandlerContext.java:353) [netty-all-4.1.16.Final.jar:4.1.16.Final]
	at io.netty.util.concurrent.DefaultEventExecutor.run(DefaultEventExecutor.java:66) [netty-all-4.1.16.Final.jar:4.1.16.Final]
	at io.netty.util.concurrent.SingleThreadEventExecutor$5.run(SingleThreadEventExecutor.java:858) [netty-all-4.1.16.Final.jar:4.1.16.Final]
	at java.lang.Thread.run(Unknown Source) [?:1.8.0_101]
[16:56:14:473] [ERROR] - invengo.cn.rocketmq.remoting.netty.NettyDecoder.decode(NettyDecoder.java:42) - decode exception,127.0.0.1:8888
io.netty.handler.codec.TooLongFrameException: Adjusted frame length exceeds 1048576: 3181438377 - discarded
	at io.netty.handler.codec.LengthFieldBasedFrameDecoder.fail(LengthFieldBasedFrameDecoder.java:522) ~[netty-all-4.1.16.Final.jar:4.1.16.Final]
	at io.netty.handler.codec.LengthFieldBasedFrameDecoder.failIfNecessary(LengthFieldBasedFrameDecoder.java:500) ~[netty-all-4.1.16.Final.jar:4.1.16.Final]
	at io.netty.handler.codec.LengthFieldBasedFrameDecoder.exceededFrameLength(LengthFieldBasedFrameDecoder.java:387) ~[netty-all-4.1.16.Final.jar:4.1.16.Final]
	at io.netty.handler.codec.LengthFieldBasedFrameDecoder.decode(LengthFieldBasedFrameDecoder.java:430) ~[netty-all-4.1.16.Final.jar:4.1.16.Final]
	at invengo.cn.rocketmq.remoting.netty.NettyDecoder.decode(NettyDecoder.java:30) [classes/:?]
	at io.netty.handler.codec.LengthFieldBasedFrameDecoder.decode(LengthFieldBasedFrameDecoder.java:343) [netty-all-4.1.16.Final.jar:4.1.16.Final]
	at io.netty.handler.codec.ByteToMessageDecoder.decodeRemovalReentryProtection(ByteToMessageDecoder.java:489) [netty-all-4.1.16.Final.jar:4.1.16.Final]
	at io.netty.handler.codec.ByteToMessageDecoder.callDecode(ByteToMessageDecoder.java:428) [netty-all-4.1.16.Final.jar:4.1.16.Final]
	at io.netty.handler.codec.ByteToMessageDecoder.channelRead(ByteToMessageDecoder.java:265) [netty-all-4.1.16.Final.jar:4.1.16.Final]
	at io.netty.channel.AbstractChannelHandlerContext.invokeChannelRead(AbstractChannelHandlerContext.java:362) [netty-all-4.1.16.Final.jar:4.1.16.Final]
	at io.netty.channel.AbstractChannelHandlerContext.access$600(AbstractChannelHandlerContext.java:38) [netty-all-4.1.16.Final.jar:4.1.16.Final]
	at io.netty.channel.AbstractChannelHandlerContext$7.run(AbstractChannelHandlerContext.java:353) [netty-all-4.1.16.Final.jar:4.1.16.Final]
	at io.netty.util.concurrent.DefaultEventExecutor.run(DefaultEventExecutor.java:66) [netty-all-4.1.16.Final.jar:4.1.16.Final]
	at io.netty.util.concurrent.SingleThreadEventExecutor$5.run(SingleThreadEventExecutor.java:858) [netty-all-4.1.16.Final.jar:4.1.16.Final]
	at java.lang.Thread.run(Unknown Source) [?:1.8.0_101]
[18:09:58:575] [ERROR] - invengo.cn.rocketmq.remoting.netty.NettyDecoder.decode(NettyDecoder.java:37) - decode exception,127.0.0.1:8888
io.netty.handler.codec.TooLongFrameException: Adjusted frame length exceeds 1048576: 1195725860 - discarded
	at io.netty.handler.codec.LengthFieldBasedFrameDecoder.fail(LengthFieldBasedFrameDecoder.java:522) ~[netty-all-4.1.16.Final.jar:4.1.16.Final]
	at io.netty.handler.codec.LengthFieldBasedFrameDecoder.failIfNecessary(LengthFieldBasedFrameDecoder.java:500) ~[netty-all-4.1.16.Final.jar:4.1.16.Final]
	at io.netty.handler.codec.LengthFieldBasedFrameDecoder.exceededFrameLength(LengthFieldBasedFrameDecoder.java:387) ~[netty-all-4.1.16.Final.jar:4.1.16.Final]
	at io.netty.handler.codec.LengthFieldBasedFrameDecoder.decode(LengthFieldBasedFrameDecoder.java:430) ~[netty-all-4.1.16.Final.jar:4.1.16.Final]
	at invengo.cn.rocketmq.remoting.netty.NettyDecoder.decode(NettyDecoder.java:30) [classes/:?]
	at io.netty.handler.codec.LengthFieldBasedFrameDecoder.decode(LengthFieldBasedFrameDecoder.java:343) [netty-all-4.1.16.Final.jar:4.1.16.Final]
	at io.netty.handler.codec.ByteToMessageDecoder.decodeRemovalReentryProtection(ByteToMessageDecoder.java:489) [netty-all-4.1.16.Final.jar:4.1.16.Final]
	at io.netty.handler.codec.ByteToMessageDecoder.callDecode(ByteToMessageDecoder.java:428) [netty-all-4.1.16.Final.jar:4.1.16.Final]
	at io.netty.handler.codec.ByteToMessageDecoder.channelRead(ByteToMessageDecoder.java:265) [netty-all-4.1.16.Final.jar:4.1.16.Final]
	at io.netty.channel.AbstractChannelHandlerContext.invokeChannelRead(AbstractChannelHandlerContext.java:362) [netty-all-4.1.16.Final.jar:4.1.16.Final]
	at io.netty.channel.AbstractChannelHandlerContext.access$600(AbstractChannelHandlerContext.java:38) [netty-all-4.1.16.Final.jar:4.1.16.Final]
	at io.netty.channel.AbstractChannelHandlerContext$7.run(AbstractChannelHandlerContext.java:353) [netty-all-4.1.16.Final.jar:4.1.16.Final]
	at io.netty.util.concurrent.DefaultEventExecutor.run(DefaultEventExecutor.java:66) [netty-all-4.1.16.Final.jar:4.1.16.Final]
	at io.netty.util.concurrent.SingleThreadEventExecutor$5.run(SingleThreadEventExecutor.java:858) [netty-all-4.1.16.Final.jar:4.1.16.Final]
	at java.lang.Thread.run(Unknown Source) [?:1.8.0_101]
